Arguments: 
  C:\Program Files\nodejs\node.exe C:\Program Files (x86)\Yarn\bin\yarn.js add -D React

PATH: 
  C:\Python27\;C:\Python27\Scripts;C:\WINDOWS\system32;C:\WINDOWS;C:\WINDOWS\System32\Wbem;C:\WINDOWS\System32\WindowsPowerShell\v1.0\;C:\Ruby24-x64\bin;C:\php;C:\Program Files\Microsoft\Web Platform Installer\;C:\Program Files\PuTTY\;C:\Program Files\MariaDB 10.2\bin;C:\Program Files\Redis\;C:\WINDOWS\System32\OpenSSH\;C:\Program Files (x86)\Brackets\command;C:\Program Files\Git\cmd;C:\ProgramData\chocolatey\bin;C:\Program Files (x86)\Yarn\bin\;C:\Program Files\nodejs\;C:\Program Files\PowerShell\6\;C:\Users\p2553\AppData\Local\Programs\Python\Python38-32\Scripts\;C:\Users\p2553\AppData\Local\Programs\Python\Python38-32\;C:\Users\p2553\AppData\Local\Microsoft\WindowsApps;C:\Program Files\Microsoft VS Code\bin;C:\Users\p2553\AppData\Local\atom\bin;C:\Users\p2553\AppData\Local\Microsoft\WindowsApps;C:\Users\p2553\AppData\Local\Programs\Microsoft VS Code\bin;C:\Users\p2553\AppData\Local\Yarn\bin;C:\Users\p2553\AppData\Roaming\npm

Yarn version: 
  1.21.1

Node version: 
  12.14.0

Platform: 
  win32 x64

Trace: 
  Error: https://registry.yarnpkg.com/React: Not found
      at Request.params.callback [as _callback] (C:\Program Files (x86)\Yarn\lib\cli.js:66056:18)
      at Request.self.callback (C:\Program Files (x86)\Yarn\lib\cli.js:140665:22)
      at Request.emit (events.js:210:5)
      at Request.<anonymous> (C:\Program Files (x86)\Yarn\lib\cli.js:141637:10)
      at Request.emit (events.js:210:5)
      at IncomingMessage.<anonymous> (C:\Program Files (x86)\Yarn\lib\cli.js:141559:12)
      at Object.onceWrapper (events.js:299:28)
      at IncomingMessage.emit (events.js:215:7)
      at endReadableNT (_stream_readable.js:1184:12)
      at processTicksAndRejections (internal/process/task_queues.js:80:21)

npm manifest: 
  {
    "name": "ws-visu-obj",
    "version": "0.0.0",
    "description": "visualization object component, used by ws-front",
    "main": "index.js",
    "repository": "git@github.com:sungchuni/ws-visu-obj.git",
    "author": "sungchuni <new.sungchuni@gmail.com>",
    "license": "MIT",
    "private": true
  }

yarn manifest: 
  No manifest

Lockfile: 
  No lockfile
